2022-10-10 11:13:12.563  INFO 11064 --- [main] EmployeeManagementSystemApplicationTests : Starting EmployeeManagementSystemApplicationTests using Java 17.0.4 on IN2-NOINB-AMKU with PID 11064 (started by amit.kumar in C:\Users\amit.kumar\Documents\workspace-spring-tool-suite-4-4.15.3.RELEASE\employee_management_system)
2022-10-10 11:13:12.589  INFO 11064 --- [main] EmployeeManagementSystemApplicationTests : No active profile set, falling back to 1 default profile: "default"
2022-10-10 11:13:14.367  INFO 11064 --- [main] .s.d.r.c.RepositoryConfigurationDelegate : Multiple Spring Data modules found, entering strict repository configuration mode
2022-10-10 11:13:14.375  INFO 11064 --- [main] .s.d.r.c.RepositoryConfigurationDelegate : Bootstrapping Spring Data JPA repositories in DEFAULT mode.
2022-10-10 11:13:14.688  INFO 11064 --- [main] .s.d.r.c.RepositoryConfigurationDelegate : Finished Spring Data repository scanning in 292 ms. Found 2 JPA repository interfaces.
2022-10-10 11:13:14.717  INFO 11064 --- [main] .s.d.r.c.RepositoryConfigurationDelegate : Multiple Spring Data modules found, entering strict repository configuration mode
2022-10-10 11:13:14.720  INFO 11064 --- [main] .s.d.r.c.RepositoryConfigurationDelegate : Bootstrapping Spring Data Redis repositories in DEFAULT mode.
2022-10-10 11:13:14.755  INFO 11064 --- [main] .RepositoryConfigurationExtensionSupport : Spring Data Redis - Could not safely identify store assignment for repository candidate interface com.in2it.repository.DepartmentRepo; If you want this repository to be a Redis repository, consider annotating your entities with one of these annotations: org.springframework.data.redis.core.RedisHash (preferred), or consider extending one of the following types with your repository: org.springframework.data.keyvalue.repository.KeyValueRepository
2022-10-10 11:13:14.759  INFO 11064 --- [main] .RepositoryConfigurationExtensionSupport : Spring Data Redis - Could not safely identify store assignment for repository candidate interface com.in2it.repository.EmployeeRepo; If you want this repository to be a Redis repository, consider annotating your entities with one of these annotations: org.springframework.data.redis.core.RedisHash (preferred), or consider extending one of the following types with your repository: org.springframework.data.keyvalue.repository.KeyValueRepository
2022-10-10 11:13:14.762  INFO 11064 --- [main] .s.d.r.c.RepositoryConfigurationDelegate : Finished Spring Data repository scanning in 22 ms. Found 0 Redis repository interfaces.
2022-10-10 11:13:16.284  INFO 11064 --- [main] o.hibernate.jpa.internal.util.LogHelper  : HHH000204: Processing PersistenceUnitInfo [name: default]
2022-10-10 11:13:16.527  INFO 11064 --- [main] org.hibernate.Version                    : HHH000412: Hibernate ORM core version 5.6.10.Final
2022-10-10 11:13:16.938  INFO 11064 --- [main] o.hibernate.annotations.common.Version   : HCANN000001: Hibernate Commons Annotations {5.1.2.Final}
2022-10-10 11:13:17.381  INFO 11064 --- [main] com.zaxxer.hikari.HikariDataSource       : HikariPool-1 - Starting...
2022-10-10 11:13:18.013  INFO 11064 --- [main] com.zaxxer.hikari.HikariDataSource       : HikariPool-1 - Start completed.
2022-10-10 11:13:18.061  INFO 11064 --- [main] org.hibernate.dialect.Dialect            : HHH000400: Using dialect: org.hibernate.dialect.MySQL8Dialect
2022-10-10 11:13:19.575  INFO 11064 --- [main] o.h.e.t.j.p.i.JtaPlatformInitiator       : HHH000490: Using JtaPlatform implementation: [org.hibernate.engine.transaction.jta.platform.internal.NoJtaPlatform]
2022-10-10 11:13:19.590  INFO 11064 --- [main] j.LocalContainerEntityManagerFactoryBean : Initialized JPA EntityManagerFactory for persistence unit 'default'
2022-10-10 11:13:19.723  WARN 11064 --- [main] JpaBaseConfiguration$JpaWebConfiguration : spring.jpa.open-in-view is enabled by default. Therefore, database queries may be performed during view rendering. Explicitly configure spring.jpa.open-in-view to disable this warning
2022-10-10 11:13:20.832  INFO 11064 --- [main] o.s.s.p.JdbcUserDetailsManager           : No authentication manager set. Reauthentication of users when changing passwords will not be performed.
2022-10-10 11:13:21.247  INFO 11064 --- [main] o.s.s.web.DefaultSecurityFilterChain     : Will secure any request with [org.springframework.security.web.session.DisableEncodeUrlFilter@3833897c, org.springframework.security.web.context.request.async.WebAsyncManagerIntegrationFilter@519eab1e, org.springframework.security.web.context.SecurityContextPersistenceFilter@23d07ad3, org.springframework.security.web.header.HeaderWriterFilter@6406b84d, org.springframework.security.web.authentication.logout.LogoutFilter@7505dcab, org.springframework.security.web.savedrequest.RequestCacheAwareFilter@5ace6611, org.springframework.security.web.servletapi.SecurityContextHolderAwareRequestFilter@1f6d3a81, org.springframework.security.web.authentication.AnonymousAuthenticationFilter@7d2a4598, org.springframework.security.web.session.SessionManagementFilter@218e186b, org.springframework.security.web.access.ExceptionTranslationFilter@6c26e588, org.springframework.security.web.access.intercept.FilterSecurityInterceptor@156f0281]
2022-10-10 11:13:23.561  INFO 11064 --- [main] EmployeeManagementSystemApplicationTests : Started EmployeeManagementSystemApplicationTests in 11.668 seconds (JVM running for 14.609)
2022-10-10 11:13:24.652  INFO 11064 --- [SpringApplicationShutdownHook] j.LocalContainerEntityManagerFactoryBean : Closing JPA EntityManagerFactory for persistence unit 'default'
2022-10-10 11:13:24.657  INFO 11064 --- [SpringApplicationShutdownHook] com.zaxxer.hikari.HikariDataSource       : HikariPool-1 - Shutdown initiated...
2022-10-10 11:13:24.679  INFO 11064 --- [SpringApplicationShutdownHook] com.zaxxer.hikari.HikariDataSource       : HikariPool-1 - Shutdown completed.
2022-10-10 11:18:02.470  INFO 7676 --- [main] EmployeeManagementSystemApplicationTests : Starting EmployeeManagementSystemApplicationTests using Java 17.0.4 on IN2-NOINB-AMKU with PID 7676 (started by amit.kumar in C:\Users\amit.kumar\Documents\workspace-spring-tool-suite-4-4.15.3.RELEASE\employee_management_system)
2022-10-10 11:18:02.474  INFO 7676 --- [main] EmployeeManagementSystemApplicationTests : No active profile set, falling back to 1 default profile: "default"
2022-10-10 11:18:03.968  INFO 7676 --- [main] .s.d.r.c.RepositoryConfigurationDelegate : Multiple Spring Data modules found, entering strict repository configuration mode
2022-10-10 11:18:03.973  INFO 7676 --- [main] .s.d.r.c.RepositoryConfigurationDelegate : Bootstrapping Spring Data JPA repositories in DEFAULT mode.
2022-10-10 11:18:04.245  INFO 7676 --- [main] .s.d.r.c.RepositoryConfigurationDelegate : Finished Spring Data repository scanning in 251 ms. Found 2 JPA repository interfaces.
2022-10-10 11:18:04.278  INFO 7676 --- [main] .s.d.r.c.RepositoryConfigurationDelegate : Multiple Spring Data modules found, entering strict repository configuration mode
2022-10-10 11:18:04.281  INFO 7676 --- [main] .s.d.r.c.RepositoryConfigurationDelegate : Bootstrapping Spring Data Redis repositories in DEFAULT mode.
2022-10-10 11:18:04.310  INFO 7676 --- [main] .RepositoryConfigurationExtensionSupport : Spring Data Redis - Could not safely identify store assignment for repository candidate interface com.in2it.repository.DepartmentRepo; If you want this repository to be a Redis repository, consider annotating your entities with one of these annotations: org.springframework.data.redis.core.RedisHash (preferred), or consider extending one of the following types with your repository: org.springframework.data.keyvalue.repository.KeyValueRepository
2022-10-10 11:18:04.313  INFO 7676 --- [main] .RepositoryConfigurationExtensionSupport : Spring Data Redis - Could not safely identify store assignment for repository candidate interface com.in2it.repository.EmployeeRepo; If you want this repository to be a Redis repository, consider annotating your entities with one of these annotations: org.springframework.data.redis.core.RedisHash (preferred), or consider extending one of the following types with your repository: org.springframework.data.keyvalue.repository.KeyValueRepository
2022-10-10 11:18:04.318  INFO 7676 --- [main] .s.d.r.c.RepositoryConfigurationDelegate : Finished Spring Data repository scanning in 21 ms. Found 0 Redis repository interfaces.
2022-10-10 11:18:05.417  INFO 7676 --- [main] o.hibernate.jpa.internal.util.LogHelper  : HHH000204: Processing PersistenceUnitInfo [name: default]
2022-10-10 11:18:05.530  INFO 7676 --- [main] org.hibernate.Version                    : HHH000412: Hibernate ORM core version 5.6.10.Final
2022-10-10 11:18:05.850  INFO 7676 --- [main] o.hibernate.annotations.common.Version   : HCANN000001: Hibernate Commons Annotations {5.1.2.Final}
2022-10-10 11:18:06.163  INFO 7676 --- [main] com.zaxxer.hikari.HikariDataSource       : HikariPool-1 - Starting...
2022-10-10 11:18:06.728  INFO 7676 --- [main] com.zaxxer.hikari.HikariDataSource       : HikariPool-1 - Start completed.
2022-10-10 11:18:06.755  INFO 7676 --- [main] org.hibernate.dialect.Dialect            : HHH000400: Using dialect: org.hibernate.dialect.MySQL8Dialect
2022-10-10 11:18:08.036  INFO 7676 --- [main] o.h.e.t.j.p.i.JtaPlatformInitiator       : HHH000490: Using JtaPlatform implementation: [org.hibernate.engine.transaction.jta.platform.internal.NoJtaPlatform]
2022-10-10 11:18:08.052  INFO 7676 --- [main] j.LocalContainerEntityManagerFactoryBean : Initialized JPA EntityManagerFactory for persistence unit 'default'
2022-10-10 11:18:08.197  WARN 7676 --- [main] JpaBaseConfiguration$JpaWebConfiguration : spring.jpa.open-in-view is enabled by default. Therefore, database queries may be performed during view rendering. Explicitly configure spring.jpa.open-in-view to disable this warning
2022-10-10 11:18:09.274  INFO 7676 --- [main] o.s.s.p.JdbcUserDetailsManager           : No authentication manager set. Reauthentication of users when changing passwords will not be performed.
2022-10-10 11:18:09.621  INFO 7676 --- [main] o.s.s.web.DefaultSecurityFilterChain     : Will secure any request with [org.springframework.security.web.session.DisableEncodeUrlFilter@3d763ae5, org.springframework.security.web.context.request.async.WebAsyncManagerIntegrationFilter@2dfab167, org.springframework.security.web.context.SecurityContextPersistenceFilter@7c3ae369, org.springframework.security.web.header.HeaderWriterFilter@451cef67, org.springframework.security.web.authentication.logout.LogoutFilter@24ce5d4c, org.springframework.security.web.savedrequest.RequestCacheAwareFilter@1693d505, org.springframework.security.web.servletapi.SecurityContextHolderAwareRequestFilter@37aea657, org.springframework.security.web.authentication.AnonymousAuthenticationFilter@30eee098, org.springframework.security.web.session.SessionManagementFilter@2e51ede1, org.springframework.security.web.access.ExceptionTranslationFilter@6addfa22, org.springframework.security.web.access.intercept.FilterSecurityInterceptor@729c98]
2022-10-10 11:18:11.855  INFO 7676 --- [main] EmployeeManagementSystemApplicationTests : Started EmployeeManagementSystemApplicationTests in 9.96 seconds (JVM running for 12.083)
2022-10-10 11:18:12.991  INFO 7676 --- [SpringApplicationShutdownHook] j.LocalContainerEntityManagerFactoryBean : Closing JPA EntityManagerFactory for persistence unit 'default'
2022-10-10 11:18:12.995  INFO 7676 --- [SpringApplicationShutdownHook] com.zaxxer.hikari.HikariDataSource       : HikariPool-1 - Shutdown initiated...
2022-10-10 11:18:13.020  INFO 7676 --- [SpringApplicationShutdownHook] com.zaxxer.hikari.HikariDataSource       : HikariPool-1 - Shutdown completed.
2022-10-10 11:21:10.400  INFO 8868 --- [main] EmployeeManagementSystemApplicationTests : Starting EmployeeManagementSystemApplicationTests using Java 17.0.4 on IN2-NOINB-AMKU with PID 8868 (started by amit.kumar in C:\Users\amit.kumar\Documents\workspace-spring-tool-suite-4-4.15.3.RELEASE\employee_management_system)
2022-10-10 11:21:10.406  INFO 8868 --- [main] EmployeeManagementSystemApplicationTests : No active profile set, falling back to 1 default profile: "default"
2022-10-10 11:21:11.843  INFO 8868 --- [main] .s.d.r.c.RepositoryConfigurationDelegate : Multiple Spring Data modules found, entering strict repository configuration mode
2022-10-10 11:21:11.847  INFO 8868 --- [main] .s.d.r.c.RepositoryConfigurationDelegate : Bootstrapping Spring Data JPA repositories in DEFAULT mode.
2022-10-10 11:21:12.063  INFO 8868 --- [main] .s.d.r.c.RepositoryConfigurationDelegate : Finished Spring Data repository scanning in 204 ms. Found 2 JPA repository interfaces.
2022-10-10 11:21:12.092  INFO 8868 --- [main] .s.d.r.c.RepositoryConfigurationDelegate : Multiple Spring Data modules found, entering strict repository configuration mode
2022-10-10 11:21:12.101  INFO 8868 --- [main] .s.d.r.c.RepositoryConfigurationDelegate : Bootstrapping Spring Data Redis repositories in DEFAULT mode.
2022-10-10 11:21:12.136  INFO 8868 --- [main] .RepositoryConfigurationExtensionSupport : Spring Data Redis - Could not safely identify store assignment for repository candidate interface com.in2it.repository.DepartmentRepo; If you want this repository to be a Redis repository, consider annotating your entities with one of these annotations: org.springframework.data.redis.core.RedisHash (preferred), or consider extending one of the following types with your repository: org.springframework.data.keyvalue.repository.KeyValueRepository
2022-10-10 11:21:12.140  INFO 8868 --- [main] .RepositoryConfigurationExtensionSupport : Spring Data Redis - Could not safely identify store assignment for repository candidate interface com.in2it.repository.EmployeeRepo; If you want this repository to be a Redis repository, consider annotating your entities with one of these annotations: org.springframework.data.redis.core.RedisHash (preferred), or consider extending one of the following types with your repository: org.springframework.data.keyvalue.repository.KeyValueRepository
2022-10-10 11:21:12.140  INFO 8868 --- [main] .s.d.r.c.RepositoryConfigurationDelegate : Finished Spring Data repository scanning in 21 ms. Found 0 Redis repository interfaces.
2022-10-10 11:21:13.235  INFO 8868 --- [main] o.hibernate.jpa.internal.util.LogHelper  : HHH000204: Processing PersistenceUnitInfo [name: default]
2022-10-10 11:21:13.342  INFO 8868 --- [main] org.hibernate.Version                    : HHH000412: Hibernate ORM core version 5.6.10.Final
2022-10-10 11:21:13.755  INFO 8868 --- [main] o.hibernate.annotations.common.Version   : HCANN000001: Hibernate Commons Annotations {5.1.2.Final}
2022-10-10 11:21:14.090  INFO 8868 --- [main] com.zaxxer.hikari.HikariDataSource       : HikariPool-1 - Starting...
2022-10-10 11:21:14.647  INFO 8868 --- [main] com.zaxxer.hikari.HikariDataSource       : HikariPool-1 - Start completed.
2022-10-10 11:21:14.680  INFO 8868 --- [main] org.hibernate.dialect.Dialect            : HHH000400: Using dialect: org.hibernate.dialect.MySQL8Dialect
2022-10-10 11:21:15.881  INFO 8868 --- [main] o.h.e.t.j.p.i.JtaPlatformInitiator       : HHH000490: Using JtaPlatform implementation: [org.hibernate.engine.transaction.jta.platform.internal.NoJtaPlatform]
2022-10-10 11:21:15.895  INFO 8868 --- [main] j.LocalContainerEntityManagerFactoryBean : Initialized JPA EntityManagerFactory for persistence unit 'default'
2022-10-10 11:21:16.125  WARN 8868 --- [main] JpaBaseConfiguration$JpaWebConfiguration : spring.jpa.open-in-view is enabled by default. Therefore, database queries may be performed during view rendering. Explicitly configure spring.jpa.open-in-view to disable this warning
2022-10-10 11:21:17.139  INFO 8868 --- [main] o.s.s.p.JdbcUserDetailsManager           : No authentication manager set. Reauthentication of users when changing passwords will not be performed.
2022-10-10 11:21:17.487  INFO 8868 --- [main] o.s.s.web.DefaultSecurityFilterChain     : Will secure any request with [org.springframework.security.web.session.DisableEncodeUrlFilter@5364b481, org.springframework.security.web.context.request.async.WebAsyncManagerIntegrationFilter@62ec4146, org.springframework.security.web.context.SecurityContextPersistenceFilter@7e84af34, org.springframework.security.web.header.HeaderWriterFilter@3e4ead73, org.springframework.security.web.authentication.logout.LogoutFilter@167f9043, org.springframework.security.web.savedrequest.RequestCacheAwareFilter@612531a3, org.springframework.security.web.servletapi.SecurityContextHolderAwareRequestFilter@4fea23d6, org.springframework.security.web.authentication.AnonymousAuthenticationFilter@362e709e, org.springframework.security.web.session.SessionManagementFilter@763ddfc3, org.springframework.security.web.access.ExceptionTranslationFilter@1f24e33d, org.springframework.security.web.access.intercept.FilterSecurityInterceptor@62fbefad]
2022-10-10 11:21:19.743  INFO 8868 --- [main] EmployeeManagementSystemApplicationTests : Started EmployeeManagementSystemApplicationTests in 9.945 seconds (JVM running for 12.003)
2022-10-10 11:21:20.613  INFO 8868 --- [SpringApplicationShutdownHook] j.LocalContainerEntityManagerFactoryBean : Closing JPA EntityManagerFactory for persistence unit 'default'
2022-10-10 11:21:20.622  INFO 8868 --- [SpringApplicationShutdownHook] com.zaxxer.hikari.HikariDataSource       : HikariPool-1 - Shutdown initiated...
2022-10-10 11:21:20.656  INFO 8868 --- [SpringApplicationShutdownHook] com.zaxxer.hikari.HikariDataSource       : HikariPool-1 - Shutdown completed.
2022-10-10 11:23:09.558  INFO 7992 --- [main] EmployeeManagementSystemApplicationTests : Starting EmployeeManagementSystemApplicationTests using Java 17.0.4 on IN2-NOINB-AMKU with PID 7992 (started by amit.kumar in C:\Users\amit.kumar\Documents\workspace-spring-tool-suite-4-4.15.3.RELEASE\employee_management_system)
2022-10-10 11:23:09.562  INFO 7992 --- [main] EmployeeManagementSystemApplicationTests : No active profile set, falling back to 1 default profile: "default"
2022-10-10 11:23:11.021  INFO 7992 --- [main] .s.d.r.c.RepositoryConfigurationDelegate : Multiple Spring Data modules found, entering strict repository configuration mode
2022-10-10 11:23:11.027  INFO 7992 --- [main] .s.d.r.c.RepositoryConfigurationDelegate : Bootstrapping Spring Data JPA repositories in DEFAULT mode.
2022-10-10 11:23:11.298  INFO 7992 --- [main] .s.d.r.c.RepositoryConfigurationDelegate : Finished Spring Data repository scanning in 252 ms. Found 2 JPA repository interfaces.
2022-10-10 11:23:11.333  INFO 7992 --- [main] .s.d.r.c.RepositoryConfigurationDelegate : Multiple Spring Data modules found, entering strict repository configuration mode
2022-10-10 11:23:11.337  INFO 7992 --- [main] .s.d.r.c.RepositoryConfigurationDelegate : Bootstrapping Spring Data Redis repositories in DEFAULT mode.
2022-10-10 11:23:11.379  INFO 7992 --- [main] .RepositoryConfigurationExtensionSupport : Spring Data Redis - Could not safely identify store assignment for repository candidate interface com.in2it.repository.DepartmentRepo; If you want this repository to be a Redis repository, consider annotating your entities with one of these annotations: org.springframework.data.redis.core.RedisHash (preferred), or consider extending one of the following types with your repository: org.springframework.data.keyvalue.repository.KeyValueRepository
2022-10-10 11:23:11.383  INFO 7992 --- [main] .RepositoryConfigurationExtensionSupport : Spring Data Redis - Could not safely identify store assignment for repository candidate interface com.in2it.repository.EmployeeRepo; If you want this repository to be a Redis repository, consider annotating your entities with one of these annotations: org.springframework.data.redis.core.RedisHash (preferred), or consider extending one of the following types with your repository: org.springframework.data.keyvalue.repository.KeyValueRepository
2022-10-10 11:23:11.384  INFO 7992 --- [main] .s.d.r.c.RepositoryConfigurationDelegate : Finished Spring Data repository scanning in 23 ms. Found 0 Redis repository interfaces.
2022-10-10 11:23:12.470  INFO 7992 --- [main] o.hibernate.jpa.internal.util.LogHelper  : HHH000204: Processing PersistenceUnitInfo [name: default]
2022-10-10 11:23:12.567  INFO 7992 --- [main] org.hibernate.Version                    : HHH000412: Hibernate ORM core version 5.6.10.Final
2022-10-10 11:23:12.859  INFO 7992 --- [main] o.hibernate.annotations.common.Version   : HCANN000001: Hibernate Commons Annotations {5.1.2.Final}
2022-10-10 11:23:13.126  INFO 7992 --- [main] com.zaxxer.hikari.HikariDataSource       : HikariPool-1 - Starting...
2022-10-10 11:23:13.696  INFO 7992 --- [main] com.zaxxer.hikari.HikariDataSource       : HikariPool-1 - Start completed.
2022-10-10 11:23:13.720  INFO 7992 --- [main] org.hibernate.dialect.Dialect            : HHH000400: Using dialect: org.hibernate.dialect.MySQL8Dialect
2022-10-10 11:23:14.988  INFO 7992 --- [main] o.h.e.t.j.p.i.JtaPlatformInitiator       : HHH000490: Using JtaPlatform implementation: [org.hibernate.engine.transaction.jta.platform.internal.NoJtaPlatform]
2022-10-10 11:23:15.002  INFO 7992 --- [main] j.LocalContainerEntityManagerFactoryBean : Initialized JPA EntityManagerFactory for persistence unit 'default'
2022-10-10 11:23:15.124  WARN 7992 --- [main] JpaBaseConfiguration$JpaWebConfiguration : spring.jpa.open-in-view is enabled by default. Therefore, database queries may be performed during view rendering. Explicitly configure spring.jpa.open-in-view to disable this warning
2022-10-10 11:23:16.200  INFO 7992 --- [main] o.s.s.p.JdbcUserDetailsManager           : No authentication manager set. Reauthentication of users when changing passwords will not be performed.
2022-10-10 11:23:16.590  INFO 7992 --- [main] o.s.s.web.DefaultSecurityFilterChain     : Will secure any request with [org.springframework.security.web.session.DisableEncodeUrlFilter@5364b481, org.springframework.security.web.context.request.async.WebAsyncManagerIntegrationFilter@62ec4146, org.springframework.security.web.context.SecurityContextPersistenceFilter@7e84af34, org.springframework.security.web.header.HeaderWriterFilter@3e4ead73, org.springframework.security.web.authentication.logout.LogoutFilter@167f9043, org.springframework.security.web.savedrequest.RequestCacheAwareFilter@612531a3, org.springframework.security.web.servletapi.SecurityContextHolderAwareRequestFilter@4fea23d6, org.springframework.security.web.authentication.AnonymousAuthenticationFilter@362e709e, org.springframework.security.web.session.SessionManagementFilter@763ddfc3, org.springframework.security.web.access.ExceptionTranslationFilter@1f24e33d, org.springframework.security.web.access.intercept.FilterSecurityInterceptor@62fbefad]
2022-10-10 11:23:18.712  INFO 7992 --- [main] EmployeeManagementSystemApplicationTests : Started EmployeeManagementSystemApplicationTests in 9.715 seconds (JVM running for 11.875)
2022-10-10 11:23:19.552  INFO 7992 --- [SpringApplicationShutdownHook] j.LocalContainerEntityManagerFactoryBean : Closing JPA EntityManagerFactory for persistence unit 'default'
2022-10-10 11:23:19.558  INFO 7992 --- [SpringApplicationShutdownHook] com.zaxxer.hikari.HikariDataSource       : HikariPool-1 - Shutdown initiated...
2022-10-10 11:23:19.576  INFO 7992 --- [SpringApplicationShutdownHook] com.zaxxer.hikari.HikariDataSource       : HikariPool-1 - Shutdown completed.
2022-10-10 11:24:09.819  INFO 9532 --- [main] EmployeeManagementSystemApplicationTests : Starting EmployeeManagementSystemApplicationTests using Java 17.0.4 on IN2-NOINB-AMKU with PID 9532 (started by amit.kumar in C:\Users\amit.kumar\Documents\workspace-spring-tool-suite-4-4.15.3.RELEASE\employee_management_system)
2022-10-10 11:24:09.826  INFO 9532 --- [main] EmployeeManagementSystemApplicationTests : No active profile set, falling back to 1 default profile: "default"
2022-10-10 11:24:11.346  INFO 9532 --- [main] .s.d.r.c.RepositoryConfigurationDelegate : Multiple Spring Data modules found, entering strict repository configuration mode
2022-10-10 11:24:11.352  INFO 9532 --- [main] .s.d.r.c.RepositoryConfigurationDelegate : Bootstrapping Spring Data JPA repositories in DEFAULT mode.
2022-10-10 11:24:11.629  INFO 9532 --- [main] .s.d.r.c.RepositoryConfigurationDelegate : Finished Spring Data repository scanning in 256 ms. Found 2 JPA repository interfaces.
2022-10-10 11:24:11.663  INFO 9532 --- [main] .s.d.r.c.RepositoryConfigurationDelegate : Multiple Spring Data modules found, entering strict repository configuration mode
2022-10-10 11:24:11.667  INFO 9532 --- [main] .s.d.r.c.RepositoryConfigurationDelegate : Bootstrapping Spring Data Redis repositories in DEFAULT mode.
2022-10-10 11:24:11.703  INFO 9532 --- [main] .RepositoryConfigurationExtensionSupport : Spring Data Redis - Could not safely identify store assignment for repository candidate interface com.in2it.repository.DepartmentRepo; If you want this repository to be a Redis repository, consider annotating your entities with one of these annotations: org.springframework.data.redis.core.RedisHash (preferred), or consider extending one of the following types with your repository: org.springframework.data.keyvalue.repository.KeyValueRepository
2022-10-10 11:24:11.707  INFO 9532 --- [main] .RepositoryConfigurationExtensionSupport : Spring Data Redis - Could not safely identify store assignment for repository candidate interface com.in2it.repository.EmployeeRepo; If you want this repository to be a Redis repository, consider annotating your entities with one of these annotations: org.springframework.data.redis.core.RedisHash (preferred), or consider extending one of the following types with your repository: org.springframework.data.keyvalue.repository.KeyValueRepository
2022-10-10 11:24:11.707  INFO 9532 --- [main] .s.d.r.c.RepositoryConfigurationDelegate : Finished Spring Data repository scanning in 17 ms. Found 0 Redis repository interfaces.
2022-10-10 11:24:12.816  INFO 9532 --- [main] o.hibernate.jpa.internal.util.LogHelper  : HHH000204: Processing PersistenceUnitInfo [name: default]
2022-10-10 11:24:12.909  INFO 9532 --- [main] org.hibernate.Version                    : HHH000412: Hibernate ORM core version 5.6.10.Final
2022-10-10 11:24:13.234  INFO 9532 --- [main] o.hibernate.annotations.common.Version   : HCANN000001: Hibernate Commons Annotations {5.1.2.Final}
2022-10-10 11:24:13.512  INFO 9532 --- [main] com.zaxxer.hikari.HikariDataSource       : HikariPool-1 - Starting...
2022-10-10 11:24:14.138  INFO 9532 --- [main] com.zaxxer.hikari.HikariDataSource       : HikariPool-1 - Start completed.
2022-10-10 11:24:14.168  INFO 9532 --- [main] org.hibernate.dialect.Dialect            : HHH000400: Using dialect: org.hibernate.dialect.MySQL8Dialect
2022-10-10 11:24:15.343  INFO 9532 --- [main] o.h.e.t.j.p.i.JtaPlatformInitiator       : HHH000490: Using JtaPlatform implementation: [org.hibernate.engine.transaction.jta.platform.internal.NoJtaPlatform]
2022-10-10 11:24:15.355  INFO 9532 --- [main] j.LocalContainerEntityManagerFactoryBean : Initialized JPA EntityManagerFactory for persistence unit 'default'
2022-10-10 11:24:15.446  WARN 9532 --- [main] JpaBaseConfiguration$JpaWebConfiguration : spring.jpa.open-in-view is enabled by default. Therefore, database queries may be performed during view rendering. Explicitly configure spring.jpa.open-in-view to disable this warning
2022-10-10 11:24:16.574  INFO 9532 --- [main] o.s.s.p.JdbcUserDetailsManager           : No authentication manager set. Reauthentication of users when changing passwords will not be performed.
2022-10-10 11:24:16.918  INFO 9532 --- [main] o.s.s.web.DefaultSecurityFilterChain     : Will secure any request with [org.springframework.security.web.session.DisableEncodeUrlFilter@396ec737, org.springframework.security.web.context.request.async.WebAsyncManagerIntegrationFilter@35d53cd8, org.springframework.security.web.context.SecurityContextPersistenceFilter@4fc84c92, org.springframework.security.web.header.HeaderWriterFilter@7c3223aa, org.springframework.security.web.authentication.logout.LogoutFilter@3b850bb7, org.springframework.security.web.savedrequest.RequestCacheAwareFilter@5274acd1, org.springframework.security.web.servletapi.SecurityContextHolderAwareRequestFilter@9863ed5, org.springframework.security.web.authentication.AnonymousAuthenticationFilter@1bed61d2, org.springframework.security.web.session.SessionManagementFilter@2396408a, org.springframework.security.web.access.ExceptionTranslationFilter@7369208e, org.springframework.security.web.access.intercept.FilterSecurityInterceptor@5315210d]
2022-10-10 11:24:19.323  INFO 9532 --- [main] EmployeeManagementSystemApplicationTests : Started EmployeeManagementSystemApplicationTests in 10.116 seconds (JVM running for 12.436)
2022-10-10 11:24:20.173  INFO 9532 --- [SpringApplicationShutdownHook] j.LocalContainerEntityManagerFactoryBean : Closing JPA EntityManagerFactory for persistence unit 'default'
2022-10-10 11:24:20.177  INFO 9532 --- [SpringApplicationShutdownHook] com.zaxxer.hikari.HikariDataSource       : HikariPool-1 - Shutdown initiated...
2022-10-10 11:24:20.196  INFO 9532 --- [SpringApplicationShutdownHook] com.zaxxer.hikari.HikariDataSource       : HikariPool-1 - Shutdown completed.
2022-10-10 11:25:08.853  INFO 9168 --- [main] EmployeeManagementSystemApplicationTests : Starting EmployeeManagementSystemApplicationTests using Java 17.0.4 on IN2-NOINB-AMKU with PID 9168 (started by amit.kumar in C:\Users\amit.kumar\Documents\workspace-spring-tool-suite-4-4.15.3.RELEASE\employee_management_system)
2022-10-10 11:25:08.858  INFO 9168 --- [main] EmployeeManagementSystemApplicationTests : No active profile set, falling back to 1 default profile: "default"
2022-10-10 11:25:10.389  INFO 9168 --- [main] .s.d.r.c.RepositoryConfigurationDelegate : Multiple Spring Data modules found, entering strict repository configuration mode
2022-10-10 11:25:10.395  INFO 9168 --- [main] .s.d.r.c.RepositoryConfigurationDelegate : Bootstrapping Spring Data JPA repositories in DEFAULT mode.
2022-10-10 11:25:10.639  INFO 9168 --- [main] .s.d.r.c.RepositoryConfigurationDelegate : Finished Spring Data repository scanning in 226 ms. Found 2 JPA repository interfaces.
2022-10-10 11:25:10.676  INFO 9168 --- [main] .s.d.r.c.RepositoryConfigurationDelegate : Multiple Spring Data modules found, entering strict repository configuration mode
2022-10-10 11:25:10.680  INFO 9168 --- [main] .s.d.r.c.RepositoryConfigurationDelegate : Bootstrapping Spring Data Redis repositories in DEFAULT mode.
2022-10-10 11:25:10.709  INFO 9168 --- [main] .RepositoryConfigurationExtensionSupport : Spring Data Redis - Could not safely identify store assignment for repository candidate interface com.in2it.repository.DepartmentRepo; If you want this repository to be a Redis repository, consider annotating your entities with one of these annotations: org.springframework.data.redis.core.RedisHash (preferred), or consider extending one of the following types with your repository: org.springframework.data.keyvalue.repository.KeyValueRepository
2022-10-10 11:25:10.715  INFO 9168 --- [main] .RepositoryConfigurationExtensionSupport : Spring Data Redis - Could not safely identify store assignment for repository candidate interface com.in2it.repository.EmployeeRepo; If you want this repository to be a Redis repository, consider annotating your entities with one of these annotations: org.springframework.data.redis.core.RedisHash (preferred), or consider extending one of the following types with your repository: org.springframework.data.keyvalue.repository.KeyValueRepository
2022-10-10 11:25:10.716  INFO 9168 --- [main] .s.d.r.c.RepositoryConfigurationDelegate : Finished Spring Data repository scanning in 18 ms. Found 0 Redis repository interfaces.
2022-10-10 11:25:11.850  INFO 9168 --- [main] o.hibernate.jpa.internal.util.LogHelper  : HHH000204: Processing PersistenceUnitInfo [name: default]
2022-10-10 11:25:11.961  INFO 9168 --- [main] org.hibernate.Version                    : HHH000412: Hibernate ORM core version 5.6.10.Final
2022-10-10 11:25:12.270  INFO 9168 --- [main] o.hibernate.annotations.common.Version   : HCANN000001: Hibernate Commons Annotations {5.1.2.Final}
2022-10-10 11:25:12.549  INFO 9168 --- [main] com.zaxxer.hikari.HikariDataSource       : HikariPool-1 - Starting...
2022-10-10 11:25:13.125  INFO 9168 --- [main] com.zaxxer.hikari.HikariDataSource       : HikariPool-1 - Start completed.
2022-10-10 11:25:13.151  INFO 9168 --- [main] org.hibernate.dialect.Dialect            : HHH000400: Using dialect: org.hibernate.dialect.MySQL8Dialect
2022-10-10 11:25:14.387  INFO 9168 --- [main] o.h.e.t.j.p.i.JtaPlatformInitiator       : HHH000490: Using JtaPlatform implementation: [org.hibernate.engine.transaction.jta.platform.internal.NoJtaPlatform]
2022-10-10 11:25:14.402  INFO 9168 --- [main] j.LocalContainerEntityManagerFactoryBean : Initialized JPA EntityManagerFactory for persistence unit 'default'
2022-10-10 11:25:14.542  WARN 9168 --- [main] JpaBaseConfiguration$JpaWebConfiguration : spring.jpa.open-in-view is enabled by default. Therefore, database queries may be performed during view rendering. Explicitly configure spring.jpa.open-in-view to disable this warning
2022-10-10 11:25:15.546  INFO 9168 --- [main] o.s.s.p.JdbcUserDetailsManager           : No authentication manager set. Reauthentication of users when changing passwords will not be performed.
2022-10-10 11:25:15.862  INFO 9168 --- [main] o.s.s.web.DefaultSecurityFilterChain     : Will secure any request with [org.springframework.security.web.session.DisableEncodeUrlFilter@62ec4146, org.springframework.security.web.context.request.async.WebAsyncManagerIntegrationFilter@362e709e, org.springframework.security.web.context.SecurityContextPersistenceFilter@218e186b, org.springframework.security.web.header.HeaderWriterFilter@64de9fa4, org.springframework.security.web.authentication.logout.LogoutFilter@6771fc29, org.springframework.security.web.savedrequest.RequestCacheAwareFilter@3a83cfbc, org.springframework.security.web.servletapi.SecurityContextHolderAwareRequestFilter@5ace6611, org.springframework.security.web.authentication.AnonymousAuthenticationFilter@b0c4905, org.springframework.security.web.session.SessionManagementFilter@7010c9e4, org.springframework.security.web.access.ExceptionTranslationFilter@7c3223aa, org.springframework.security.web.access.intercept.FilterSecurityInterceptor@79f59e0e]
2022-10-10 11:25:17.929  INFO 9168 --- [main] EmployeeManagementSystemApplicationTests : Started EmployeeManagementSystemApplicationTests in 9.738 seconds (JVM running for 11.877)
2022-10-10 11:25:18.879  INFO 9168 --- [SpringApplicationShutdownHook] j.LocalContainerEntityManagerFactoryBean : Closing JPA EntityManagerFactory for persistence unit 'default'
2022-10-10 11:25:18.883  INFO 9168 --- [SpringApplicationShutdownHook] com.zaxxer.hikari.HikariDataSource       : HikariPool-1 - Shutdown initiated...
2022-10-10 11:25:18.902  INFO 9168 --- [SpringApplicationShutdownHook] com.zaxxer.hikari.HikariDataSource       : HikariPool-1 - Shutdown completed.
2022-10-10 11:27:39.435  INFO 8804 --- [main] EmployeeManagementSystemApplicationTests : Starting EmployeeManagementSystemApplicationTests using Java 17.0.4 on IN2-NOINB-AMKU with PID 8804 (started by amit.kumar in C:\Users\amit.kumar\Documents\workspace-spring-tool-suite-4-4.15.3.RELEASE\employee_management_system)
2022-10-10 11:27:39.439  INFO 8804 --- [main] EmployeeManagementSystemApplicationTests : No active profile set, falling back to 1 default profile: "default"
2022-10-10 11:27:40.851  INFO 8804 --- [main] .s.d.r.c.RepositoryConfigurationDelegate : Multiple Spring Data modules found, entering strict repository configuration mode
2022-10-10 11:27:40.856  INFO 8804 --- [main] .s.d.r.c.RepositoryConfigurationDelegate : Bootstrapping Spring Data JPA repositories in DEFAULT mode.
2022-10-10 11:27:41.125  INFO 8804 --- [main] .s.d.r.c.RepositoryConfigurationDelegate : Finished Spring Data repository scanning in 253 ms. Found 2 JPA repository interfaces.
2022-10-10 11:27:41.165  INFO 8804 --- [main] .s.d.r.c.RepositoryConfigurationDelegate : Multiple Spring Data modules found, entering strict repository configuration mode
2022-10-10 11:27:41.169  INFO 8804 --- [main] .s.d.r.c.RepositoryConfigurationDelegate : Bootstrapping Spring Data Redis repositories in DEFAULT mode.
2022-10-10 11:27:41.208  INFO 8804 --- [main] .RepositoryConfigurationExtensionSupport : Spring Data Redis - Could not safely identify store assignment for repository candidate interface com.in2it.repository.DepartmentRepo; If you want this repository to be a Redis repository, consider annotating your entities with one of these annotations: org.springframework.data.redis.core.RedisHash (preferred), or consider extending one of the following types with your repository: org.springframework.data.keyvalue.repository.KeyValueRepository
2022-10-10 11:27:41.212  INFO 8804 --- [main] .RepositoryConfigurationExtensionSupport : Spring Data Redis - Could not safely identify store assignment for repository candidate interface com.in2it.repository.EmployeeRepo; If you want this repository to be a Redis repository, consider annotating your entities with one of these annotations: org.springframework.data.redis.core.RedisHash (preferred), or consider extending one of the following types with your repository: org.springframework.data.keyvalue.repository.KeyValueRepository
2022-10-10 11:27:41.212  INFO 8804 --- [main] .s.d.r.c.RepositoryConfigurationDelegate : Finished Spring Data repository scanning in 19 ms. Found 0 Redis repository interfaces.
2022-10-10 11:27:42.426  INFO 8804 --- [main] o.hibernate.jpa.internal.util.LogHelper  : HHH000204: Processing PersistenceUnitInfo [name: default]
2022-10-10 11:27:42.520  INFO 8804 --- [main] org.hibernate.Version                    : HHH000412: Hibernate ORM core version 5.6.10.Final
2022-10-10 11:27:42.845  INFO 8804 --- [main] o.hibernate.annotations.common.Version   : HCANN000001: Hibernate Commons Annotations {5.1.2.Final}
2022-10-10 11:27:43.124  INFO 8804 --- [main] com.zaxxer.hikari.HikariDataSource       : HikariPool-1 - Starting...
2022-10-10 11:27:43.689  INFO 8804 --- [main] com.zaxxer.hikari.HikariDataSource       : HikariPool-1 - Start completed.
2022-10-10 11:27:43.719  INFO 8804 --- [main] org.hibernate.dialect.Dialect            : HHH000400: Using dialect: org.hibernate.dialect.MySQL8Dialect
2022-10-10 11:27:44.961  INFO 8804 --- [main] o.h.e.t.j.p.i.JtaPlatformInitiator       : HHH000490: Using JtaPlatform implementation: [org.hibernate.engine.transaction.jta.platform.internal.NoJtaPlatform]
2022-10-10 11:27:44.974  INFO 8804 --- [main] j.LocalContainerEntityManagerFactoryBean : Initialized JPA EntityManagerFactory for persistence unit 'default'
2022-10-10 11:27:45.104  WARN 8804 --- [main] JpaBaseConfiguration$JpaWebConfiguration : spring.jpa.open-in-view is enabled by default. Therefore, database queries may be performed during view rendering. Explicitly configure spring.jpa.open-in-view to disable this warning
2022-10-10 11:27:46.149  INFO 8804 --- [main] o.s.s.p.JdbcUserDetailsManager           : No authentication manager set. Reauthentication of users when changing passwords will not be performed.
2022-10-10 11:27:46.490  INFO 8804 --- [main] o.s.s.web.DefaultSecurityFilterChain     : Will secure any request with [org.springframework.security.web.session.DisableEncodeUrlFilter@5f1c406e, org.springframework.security.web.context.request.async.WebAsyncManagerIntegrationFilter@5364b481, org.springframework.security.web.context.SecurityContextPersistenceFilter@8ad182c, org.springframework.security.web.header.HeaderWriterFilter@2396408a, org.springframework.security.web.authentication.logout.LogoutFilter@4b808427, org.springframework.security.web.savedrequest.RequestCacheAwareFilter@12925d2, org.springframework.security.web.servletapi.SecurityContextHolderAwareRequestFilter@6b30ff23, org.springframework.security.web.authentication.AnonymousAuthenticationFilter@62ec4146, org.springframework.security.web.session.SessionManagementFilter@9863ed5, org.springframework.security.web.access.ExceptionTranslationFilter@b859355, org.springframework.security.web.access.intercept.FilterSecurityInterceptor@46a9c368]
2022-10-10 11:27:48.654  INFO 8804 --- [main] EmployeeManagementSystemApplicationTests : Started EmployeeManagementSystemApplicationTests in 9.846 seconds (JVM running for 11.876)
2022-10-10 11:27:49.622  INFO 8804 --- [SpringApplicationShutdownHook] j.LocalContainerEntityManagerFactoryBean : Closing JPA EntityManagerFactory for persistence unit 'default'
2022-10-10 11:27:49.634  INFO 8804 --- [SpringApplicationShutdownHook] com.zaxxer.hikari.HikariDataSource       : HikariPool-1 - Shutdown initiated...
2022-10-10 11:27:49.661  INFO 8804 --- [SpringApplicationShutdownHook] com.zaxxer.hikari.HikariDataSource       : HikariPool-1 - Shutdown completed.
2022-10-10 11:29:28.268  INFO 9860 --- [main] EmployeeManagementSystemApplicationTests : Starting EmployeeManagementSystemApplicationTests using Java 17.0.4 on IN2-NOINB-AMKU with PID 9860 (started by amit.kumar in C:\Users\amit.kumar\Documents\workspace-spring-tool-suite-4-4.15.3.RELEASE\employee_management_system)
2022-10-10 11:29:28.272  INFO 9860 --- [main] EmployeeManagementSystemApplicationTests : No active profile set, falling back to 1 default profile: "default"
2022-10-10 11:29:29.740  INFO 9860 --- [main] .s.d.r.c.RepositoryConfigurationDelegate : Multiple Spring Data modules found, entering strict repository configuration mode
2022-10-10 11:29:29.745  INFO 9860 --- [main] .s.d.r.c.RepositoryConfigurationDelegate : Bootstrapping Spring Data JPA repositories in DEFAULT mode.
2022-10-10 11:29:29.960  INFO 9860 --- [main] .s.d.r.c.RepositoryConfigurationDelegate : Finished Spring Data repository scanning in 199 ms. Found 2 JPA repository interfaces.
2022-10-10 11:29:29.994  INFO 9860 --- [main] .s.d.r.c.RepositoryConfigurationDelegate : Multiple Spring Data modules found, entering strict repository configuration mode
2022-10-10 11:29:29.998  INFO 9860 --- [main] .s.d.r.c.RepositoryConfigurationDelegate : Bootstrapping Spring Data Redis repositories in DEFAULT mode.
2022-10-10 11:29:30.033  INFO 9860 --- [main] .RepositoryConfigurationExtensionSupport : Spring Data Redis - Could not safely identify store assignment for repository candidate interface com.in2it.repository.DepartmentRepo; If you want this repository to be a Redis repository, consider annotating your entities with one of these annotations: org.springframework.data.redis.core.RedisHash (preferred), or consider extending one of the following types with your repository: org.springframework.data.keyvalue.repository.KeyValueRepository
2022-10-10 11:29:30.038  INFO 9860 --- [main] .RepositoryConfigurationExtensionSupport : Spring Data Redis - Could not safely identify store assignment for repository candidate interface com.in2it.repository.EmployeeRepo; If you want this repository to be a Redis repository, consider annotating your entities with one of these annotations: org.springframework.data.redis.core.RedisHash (preferred), or consider extending one of the following types with your repository: org.springframework.data.keyvalue.repository.KeyValueRepository
2022-10-10 11:29:30.039  INFO 9860 --- [main] .s.d.r.c.RepositoryConfigurationDelegate : Finished Spring Data repository scanning in 20 ms. Found 0 Redis repository interfaces.
2022-10-10 11:29:31.171  INFO 9860 --- [main] o.hibernate.jpa.internal.util.LogHelper  : HHH000204: Processing PersistenceUnitInfo [name: default]
2022-10-10 11:29:31.295  INFO 9860 --- [main] org.hibernate.Version                    : HHH000412: Hibernate ORM core version 5.6.10.Final
2022-10-10 11:29:31.676  INFO 9860 --- [main] o.hibernate.annotations.common.Version   : HCANN000001: Hibernate Commons Annotations {5.1.2.Final}
2022-10-10 11:29:31.959  INFO 9860 --- [main] com.zaxxer.hikari.HikariDataSource       : HikariPool-1 - Starting...
2022-10-10 11:29:32.581  INFO 9860 --- [main] com.zaxxer.hikari.HikariDataSource       : HikariPool-1 - Start completed.
2022-10-10 11:29:32.618  INFO 9860 --- [main] org.hibernate.dialect.Dialect            : HHH000400: Using dialect: org.hibernate.dialect.MySQL8Dialect
2022-10-10 11:29:33.897  INFO 9860 --- [main] o.h.e.t.j.p.i.JtaPlatformInitiator       : HHH000490: Using JtaPlatform implementation: [org.hibernate.engine.transaction.jta.platform.internal.NoJtaPlatform]
2022-10-10 11:29:33.911  INFO 9860 --- [main] j.LocalContainerEntityManagerFactoryBean : Initialized JPA EntityManagerFactory for persistence unit 'default'
2022-10-10 11:29:34.060  WARN 9860 --- [main] JpaBaseConfiguration$JpaWebConfiguration : spring.jpa.open-in-view is enabled by default. Therefore, database queries may be performed during view rendering. Explicitly configure spring.jpa.open-in-view to disable this warning
2022-10-10 11:29:35.209  INFO 9860 --- [main] o.s.s.p.JdbcUserDetailsManager           : No authentication manager set. Reauthentication of users when changing passwords will not be performed.
2022-10-10 11:29:35.561  INFO 9860 --- [main] o.s.s.web.DefaultSecurityFilterChain     : Will secure any request with [org.springframework.security.web.session.DisableEncodeUrlFilter@1f251bf1, org.springframework.security.web.context.request.async.WebAsyncManagerIntegrationFilter@502b9399, org.springframework.security.web.context.SecurityContextPersistenceFilter@3e4ead73, org.springframework.security.web.header.HeaderWriterFilter@7f839ec5, org.springframework.security.web.authentication.logout.LogoutFilter@75559cd9, org.springframework.security.web.savedrequest.RequestCacheAwareFilter@4a65c40, org.springframework.security.web.servletapi.SecurityContextHolderAwareRequestFilter@5fd5d6d1, org.springframework.security.web.authentication.AnonymousAuthenticationFilter@433db56d, org.springframework.security.web.session.SessionManagementFilter@46146832, org.springframework.security.web.access.ExceptionTranslationFilter@52a0bc48, org.springframework.security.web.access.intercept.FilterSecurityInterceptor@530d40b4]
2022-10-10 11:29:37.729  INFO 9860 --- [main] EmployeeManagementSystemApplicationTests : Started EmployeeManagementSystemApplicationTests in 10.053 seconds (JVM running for 12.119)
2022-10-10 11:29:38.674  INFO 9860 --- [SpringApplicationShutdownHook] j.LocalContainerEntityManagerFactoryBean : Closing JPA EntityManagerFactory for persistence unit 'default'
2022-10-10 11:29:38.679  INFO 9860 --- [SpringApplicationShutdownHook] com.zaxxer.hikari.HikariDataSource       : HikariPool-1 - Shutdown initiated...
2022-10-10 11:29:38.699  INFO 9860 --- [SpringApplicationShutdownHook] com.zaxxer.hikari.HikariDataSource       : HikariPool-1 - Shutdown completed.
2022-10-10 11:45:02.215  INFO 13820 --- [main] EmployeeManagementSystemApplicationTests : Starting EmployeeManagementSystemApplicationTests using Java 17.0.4 on IN2-NOINB-AMKU with PID 13820 (started by amit.kumar in C:\Users\amit.kumar\Documents\workspace-spring-tool-suite-4-4.15.3.RELEASE\employee_management_system)
2022-10-10 11:45:02.220  INFO 13820 --- [main] EmployeeManagementSystemApplicationTests : No active profile set, falling back to 1 default profile: "default"
2022-10-10 11:45:05.010  INFO 13820 --- [main] .s.d.r.c.RepositoryConfigurationDelegate : Multiple Spring Data modules found, entering strict repository configuration mode
2022-10-10 11:45:05.015  INFO 13820 --- [main] .s.d.r.c.RepositoryConfigurationDelegate : Bootstrapping Spring Data JPA repositories in DEFAULT mode.
2022-10-10 11:45:05.461  INFO 13820 --- [main] .s.d.r.c.RepositoryConfigurationDelegate : Finished Spring Data repository scanning in 427 ms. Found 2 JPA repository interfaces.
2022-10-10 11:45:05.498  INFO 13820 --- [main] .s.d.r.c.RepositoryConfigurationDelegate : Multiple Spring Data modules found, entering strict repository configuration mode
2022-10-10 11:45:05.505  INFO 13820 --- [main] .s.d.r.c.RepositoryConfigurationDelegate : Bootstrapping Spring Data Redis repositories in DEFAULT mode.
2022-10-10 11:45:05.541  INFO 13820 --- [main] .RepositoryConfigurationExtensionSupport : Spring Data Redis - Could not safely identify store assignment for repository candidate interface com.in2it.repository.DepartmentRepo; If you want this repository to be a Redis repository, consider annotating your entities with one of these annotations: org.springframework.data.redis.core.RedisHash (preferred), or consider extending one of the following types with your repository: org.springframework.data.keyvalue.repository.KeyValueRepository
2022-10-10 11:45:05.544  INFO 13820 --- [main] .RepositoryConfigurationExtensionSupport : Spring Data Redis - Could not safely identify store assignment for repository candidate interface com.in2it.repository.EmployeeRepo; If you want this repository to be a Redis repository, consider annotating your entities with one of these annotations: org.springframework.data.redis.core.RedisHash (preferred), or consider extending one of the following types with your repository: org.springframework.data.keyvalue.repository.KeyValueRepository
2022-10-10 11:45:05.545  INFO 13820 --- [main] .s.d.r.c.RepositoryConfigurationDelegate : Finished Spring Data repository scanning in 20 ms. Found 0 Redis repository interfaces.
2022-10-10 11:45:06.798  INFO 13820 --- [main] o.hibernate.jpa.internal.util.LogHelper  : HHH000204: Processing PersistenceUnitInfo [name: default]
2022-10-10 11:45:06.916  INFO 13820 --- [main] org.hibernate.Version                    : HHH000412: Hibernate ORM core version 5.6.10.Final
2022-10-10 11:45:07.280  INFO 13820 --- [main] o.hibernate.annotations.common.Version   : HCANN000001: Hibernate Commons Annotations {5.1.2.Final}
2022-10-10 11:45:07.609  INFO 13820 --- [main] com.zaxxer.hikari.HikariDataSource       : HikariPool-1 - Starting...
2022-10-10 11:45:08.456  INFO 13820 --- [main] com.zaxxer.hikari.HikariDataSource       : HikariPool-1 - Start completed.
2022-10-10 11:45:08.500  INFO 13820 --- [main] org.hibernate.dialect.Dialect            : HHH000400: Using dialect: org.hibernate.dialect.MySQL8Dialect
2022-10-10 11:45:10.027  INFO 13820 --- [main] o.h.e.t.j.p.i.JtaPlatformInitiator       : HHH000490: Using JtaPlatform implementation: [org.hibernate.engine.transaction.jta.platform.internal.NoJtaPlatform]
2022-10-10 11:45:10.042  INFO 13820 --- [main] j.LocalContainerEntityManagerFactoryBean : Initialized JPA EntityManagerFactory for persistence unit 'default'
2022-10-10 11:45:10.302  WARN 13820 --- [main] JpaBaseConfiguration$JpaWebConfiguration : spring.jpa.open-in-view is enabled by default. Therefore, database queries may be performed during view rendering. Explicitly configure spring.jpa.open-in-view to disable this warning
2022-10-10 11:45:11.493  INFO 13820 --- [main] o.s.s.p.JdbcUserDetailsManager           : No authentication manager set. Reauthentication of users when changing passwords will not be performed.
2022-10-10 11:45:11.882  INFO 13820 --- [main] o.s.s.web.DefaultSecurityFilterChain     : Will secure any request with [org.springframework.security.web.session.DisableEncodeUrlFilter@52b49891, org.springframework.security.web.context.request.async.WebAsyncManagerIntegrationFilter@75973f7a, org.springframework.security.web.context.SecurityContextPersistenceFilter@2af31aba, org.springframework.security.web.header.HeaderWriterFilter@3d00e981, org.springframework.security.web.authentication.logout.LogoutFilter@4bec6682, org.springframework.security.web.savedrequest.RequestCacheAwareFilter@6fd37997, org.springframework.security.web.servletapi.SecurityContextHolderAwareRequestFilter@99af41d, org.springframework.security.web.authentication.AnonymousAuthenticationFilter@7940b729, org.springframework.security.web.session.SessionManagementFilter@489b7559, org.springframework.security.web.access.ExceptionTranslationFilter@10df1f34, org.springframework.security.web.access.intercept.FilterSecurityInterceptor@15f229e8]
2022-10-10 11:45:15.210  INFO 13820 --- [main] EmployeeManagementSystemApplicationTests : Started EmployeeManagementSystemApplicationTests in 13.6 seconds (JVM running for 15.919)
2022-10-10 11:45:16.644  INFO 13820 --- [SpringApplicationShutdownHook] j.LocalContainerEntityManagerFactoryBean : Closing JPA EntityManagerFactory for persistence unit 'default'
2022-10-10 11:45:16.649  INFO 13820 --- [SpringApplicationShutdownHook] com.zaxxer.hikari.HikariDataSource       : HikariPool-1 - Shutdown initiated...
2022-10-10 11:45:16.680  INFO 13820 --- [SpringApplicationShutdownHook] com.zaxxer.hikari.HikariDataSource       : HikariPool-1 - Shutdown completed.
2022-10-10 11:45:37.295  INFO 13124 --- [main] EmployeeManagementSystemApplicationTests : Starting EmployeeManagementSystemApplicationTests using Java 17.0.4 on IN2-NOINB-AMKU with PID 13124 (started by amit.kumar in C:\Users\amit.kumar\Documents\workspace-spring-tool-suite-4-4.15.3.RELEASE\employee_management_system)
2022-10-10 11:45:37.298  INFO 13124 --- [main] EmployeeManagementSystemApplicationTests : No active profile set, falling back to 1 default profile: "default"
2022-10-10 11:45:39.211  INFO 13124 --- [main] .s.d.r.c.RepositoryConfigurationDelegate : Multiple Spring Data modules found, entering strict repository configuration mode
2022-10-10 11:45:39.217  INFO 13124 --- [main] .s.d.r.c.RepositoryConfigurationDelegate : Bootstrapping Spring Data JPA repositories in DEFAULT mode.
2022-10-10 11:45:39.478  INFO 13124 --- [main] .s.d.r.c.RepositoryConfigurationDelegate : Finished Spring Data repository scanning in 241 ms. Found 2 JPA repository interfaces.
2022-10-10 11:45:39.507  INFO 13124 --- [main] .s.d.r.c.RepositoryConfigurationDelegate : Multiple Spring Data modules found, entering strict repository configuration mode
2022-10-10 11:45:39.509  INFO 13124 --- [main] .s.d.r.c.RepositoryConfigurationDelegate : Bootstrapping Spring Data Redis repositories in DEFAULT mode.
2022-10-10 11:45:39.554  INFO 13124 --- [main] .RepositoryConfigurationExtensionSupport : Spring Data Redis - Could not safely identify store assignment for repository candidate interface com.in2it.repository.DepartmentRepo; If you want this repository to be a Redis repository, consider annotating your entities with one of these annotations: org.springframework.data.redis.core.RedisHash (preferred), or consider extending one of the following types with your repository: org.springframework.data.keyvalue.repository.KeyValueRepository
2022-10-10 11:45:39.558  INFO 13124 --- [main] .RepositoryConfigurationExtensionSupport : Spring Data Redis - Could not safely identify store assignment for repository candidate interface com.in2it.repository.EmployeeRepo; If you want this repository to be a Redis repository, consider annotating your entities with one of these annotations: org.springframework.data.redis.core.RedisHash (preferred), or consider extending one of the following types with your repository: org.springframework.data.keyvalue.repository.KeyValueRepository
2022-10-10 11:45:39.559  INFO 13124 --- [main] .s.d.r.c.RepositoryConfigurationDelegate : Finished Spring Data repository scanning in 21 ms. Found 0 Redis repository interfaces.
2022-10-10 11:45:40.943  INFO 13124 --- [main] o.hibernate.jpa.internal.util.LogHelper  : HHH000204: Processing PersistenceUnitInfo [name: default]
2022-10-10 11:45:41.060  INFO 13124 --- [main] org.hibernate.Version                    : HHH000412: Hibernate ORM core version 5.6.10.Final
2022-10-10 11:45:41.460  INFO 13124 --- [main] o.hibernate.annotations.common.Version   : HCANN000001: Hibernate Commons Annotations {5.1.2.Final}
2022-10-10 11:45:41.805  INFO 13124 --- [main] com.zaxxer.hikari.HikariDataSource       : HikariPool-1 - Starting...
2022-10-10 11:45:42.429  INFO 13124 --- [main] com.zaxxer.hikari.HikariDataSource       : HikariPool-1 - Start completed.
2022-10-10 11:45:42.458  INFO 13124 --- [main] org.hibernate.dialect.Dialect            : HHH000400: Using dialect: org.hibernate.dialect.MySQL8Dialect
2022-10-10 11:45:43.890  INFO 13124 --- [main] o.h.e.t.j.p.i.JtaPlatformInitiator       : HHH000490: Using JtaPlatform implementation: [org.hibernate.engine.transaction.jta.platform.internal.NoJtaPlatform]
2022-10-10 11:45:43.903  INFO 13124 --- [main] j.LocalContainerEntityManagerFactoryBean : Initialized JPA EntityManagerFactory for persistence unit 'default'
2022-10-10 11:45:44.037  WARN 13124 --- [main] JpaBaseConfiguration$JpaWebConfiguration : spring.jpa.open-in-view is enabled by default. Therefore, database queries may be performed during view rendering. Explicitly configure spring.jpa.open-in-view to disable this warning
2022-10-10 11:45:45.410  INFO 13124 --- [main] o.s.s.p.JdbcUserDetailsManager           : No authentication manager set. Reauthentication of users when changing passwords will not be performed.
2022-10-10 11:45:45.826  INFO 13124 --- [main] o.s.s.web.DefaultSecurityFilterChain     : Will secure any request with [org.springframework.security.web.session.DisableEncodeUrlFilter@10abd94f, org.springframework.security.web.context.request.async.WebAsyncManagerIntegrationFilter@47bfde21, org.springframework.security.web.context.SecurityContextPersistenceFilter@3da55998, org.springframework.security.web.header.HeaderWriterFilter@17b387ef, org.springframework.security.web.authentication.logout.LogoutFilter@62f73b0c, org.springframework.security.web.savedrequest.RequestCacheAwareFilter@33197c2f, org.springframework.security.web.servletapi.SecurityContextHolderAwareRequestFilter@10f384a2, org.springframework.security.web.authentication.AnonymousAuthenticationFilter@628f0936, org.springframework.security.web.session.SessionManagementFilter@68fc1e7f, org.springframework.security.web.access.ExceptionTranslationFilter@4e322108, org.springframework.security.web.access.intercept.FilterSecurityInterceptor@8f8717b]
2022-10-10 11:45:48.822  INFO 13124 --- [main] EmployeeManagementSystemApplicationTests : Started EmployeeManagementSystemApplicationTests in 12.136 seconds (JVM running for 14.708)
2022-10-10 11:45:49.987  INFO 13124 --- [SpringApplicationShutdownHook] j.LocalContainerEntityManagerFactoryBean : Closing JPA EntityManagerFactory for persistence unit 'default'
2022-10-10 11:45:49.992  INFO 13124 --- [SpringApplicationShutdownHook] com.zaxxer.hikari.HikariDataSource       : HikariPool-1 - Shutdown initiated...
2022-10-10 11:45:50.017  INFO 13124 --- [SpringApplicationShutdownHook] com.zaxxer.hikari.HikariDataSource       : HikariPool-1 - Shutdown completed.
